[debug] [2026-07-16T17:34:35.740Z] ----------------------------------------------------------------------
[debug] [2026-07-16T17:34:35.743Z] Command:       C:\Program Files\nodejs\node.exe C:\Users\kacpe\AppData\Roaming\npm\node_modules\firebase-tools\lib\bin\firebase.js init
[debug] [2026-07-16T17:34:35.744Z] CLI Version:   15.24.0
[debug] [2026-07-16T17:34:35.744Z] Platform:      win32
[debug] [2026-07-16T17:34:35.744Z] Node Version:  v22.15.0
[debug] [2026-07-16T17:34:35.744Z] Detected Agent: unknown
[debug] [2026-07-16T17:34:35.744Z] Time:          Thu Jul 16 2026 19:34:35 GMT+0200 (czas środkowoeuropejski letni)
[debug] [2026-07-16T17:34:35.745Z] ----------------------------------------------------------------------
[debug] 
[debug] [2026-07-16T17:34:35.757Z] >>> [apiv2][query] GET https://firebase-public.firebaseio.com/cli.json [none]
[info] 
     ######## #### ########  ######## ########     ###     ######  ########
     ##        ##  ##     ## ##       ##     ##  ##   ##  ##       ##
     ######    ##  ########  ######   ########  #########  ######  ######
     ##        ##  ##    ##  ##       ##     ## ##     ##       ## ##
     ##       #### ##     ## ######## ########  ##     ##  ######  ########

You're about to initialize a Firebase project in this directory:

  C:\Users\kacpe\Desktop\Wizytówka\JavaScript-notes\frontend

[debug] [2026-07-16T17:34:39.305Z] <<< [apiv2][status] GET https://firebase-public.firebaseio.com/cli.json 200
[debug] [2026-07-16T17:34:39.305Z] <<< [apiv2][body] GET https://firebase-public.firebaseio.com/cli.json {"cloudBuildErrorAfter":1594252800000,"cloudBuildWarnAfter":1590019200000,"defaultNode10After":1594252800000,"minVersion":"3.0.5","node8DeploysDisabledAfter":1613390400000,"node8RuntimeDisabledAfter":1615809600000,"node8WarnAfter":1600128000000}
